<?xml version="1.0" encoding="utf-8"?><testsuites name="pytest tests"><testsuite name="pytest" errors="0" failures="0" skipped="0" tests="7" time="18.847" timestamp="2026-04-29T13:46:07.357015+00:00" hostname="agent-env-ccd50fb6-ac3f-4b0b-af17-889634759efb"><testcase classname="backend.tests.test_sentinel_api.TestHealth" name="test_health_ok_and_llm_configured" time="1.591" /><testcase classname="backend.tests.test_sentinel_api.TestCheckScope" name="test_out_of_scope_chatbot" time="2.977" /><testcase classname="backend.tests.test_sentinel_api.TestCheckScope" name="test_in_scope_about_page" time="3.731" /><testcase classname="backend.tests.test_sentinel_api.TestCheckScope" name="test_empty_sow_returns_grey_area" time="0.045" /><testcase classname="backend.tests.test_sentinel_api.TestStructureScope" name="test_structure_returns_arrays" time="3.285" /><testcase classname="backend.tests.test_sentinel_api.TestStructureScope" name="test_structure_empty_sow_400" time="0.054" /><testcase classname="backend.tests.test_sentinel_api.TestChangeOrder" name="test_generate_change_order_returns_email" time="6.962" /></testsuite></testsuites>